==588778== Memcheck, a memory error detector
==588778== Copyright (C) 2002-2017, and GNU GPL'd, by Julian Seward et al.
==588778== Using Valgrind-3.18.1 and LibVEX; rerun with -h for copyright info
==588778== Command: ./minishell
==588778== Parent PID: 588777
==588778== 
==588807== 
==588807== FILE DESCRIPTORS: 7 open (3 std) at exit.
==588807== Open file descriptor 103: /usr/share/code/v8_context_snapshot.bin
==588807==    <inherited from parent>
==588807== 
==588807== Open AF_UNIX socket 43: <unknown>
==588807==    <inherited from parent>
==588807== 
==588807== Open file descriptor 42: /home/nadahman/.config/Code/logs/20250317T102023/ptyhost.log
==588807==    <inherited from parent>
==588807== 
==588807== Open file descriptor 3: /home/nadahman/Desktop/minishell/leaks.log
==588807==    <inherited from parent>
==588807== 
==588807== 
==588807== HEAP SUMMARY:
==588807==     in use at exit: 214,370 bytes in 463 blocks
==588807==   total heap usage: 704 allocs, 241 frees, 235,592 bytes allocated
==588807== 
==588807== 2 bytes in 1 blocks are still reachable in loss record 1 of 79
==588807==    at 0x4848899: malloc (in /usr/libexec/valgrind/vgpreload_memcheck-amd64-linux.so)
==588807==    by 0x10D2D7: ft_substr (in /home/nadahman/Desktop/minishell/minishell)
==588807==    by 0x1099CB: recup_token (parsing.c:54)
==588807==    by 0x10A633: found_redirection (pars_utils.c:202)
==588807==    by 0x109DE3: parsing (parsing.c:146)
==588807==    by 0x109730: main (main.c:54)
==588807== 
==588807== 3 bytes in 1 blocks are still reachable in loss record 2 of 79
==588807==    at 0x4848899: malloc (in /usr/libexec/valgrind/vgpreload_memcheck-amd64-linux.so)
==588807==    by 0x10CD9F: ft_strdup (in /home/nadahman/Desktop/minishell/minishell)
==588807==    by 0x10A52D: found_redirection (pars_utils.c:191)
==588807==    by 0x109DE3: parsing (parsing.c:146)
==588807==    by 0x109730: main (main.c:54)
==588807== 
==588807== 3 bytes in 1 blocks are still reachable in loss record 3 of 79
==588807==    at 0x4848899: malloc (in /usr/libexec/valgrind/vgpreload_memcheck-amd64-linux.so)
==588807==    by 0x10CD9F: ft_strdup (in /home/nadahman/Desktop/minishell/minishell)
==588807==    by 0x109FA5: new_token (pars_utils.c:23)
==588807==    by 0x109EAC: parsing (parsing.c:168)
==588807==    by 0x109730: main (main.c:54)
==588807== 
==588807== 3 bytes in 1 blocks are definitely lost in loss record 6 of 79
==588807==    at 0x4848899: malloc (in /usr/libexec/valgrind/vgpreload_memcheck-amd64-linux.so)
==588807==    by 0x10D2D7: ft_substr (in /home/nadahman/Desktop/minishell/minishell)
==588807==    by 0x1099CB: recup_token (parsing.c:54)
==588807==    by 0x109E7C: parsing (parsing.c:162)
==588807==    by 0x109730: main (main.c:54)
==588807== 
==588807== 4 bytes in 1 blocks are still reachable in loss record 7 of 79
==588807==    at 0x4848899: malloc (in /usr/libexec/valgrind/vgpreload_memcheck-amd64-linux.so)
==588807==    by 0x10D2D7: ft_substr (in /home/nadahman/Desktop/minishell/minishell)
==588807==    by 0x1099CB: recup_token (parsing.c:54)
==588807==    by 0x109E7C: parsing (parsing.c:162)
==588807==    by 0x109730: main (main.c:54)
==588807== 
==588807== 13 bytes in 1 blocks are still reachable in loss record 14 of 79
==588807==    at 0x4848899: malloc (in /usr/libexec/valgrind/vgpreload_memcheck-amd64-linux.so)
==588807==    by 0x10CF90: ft_strjoin (in /home/nadahman/Desktop/minishell/minishell)
==588807==    by 0x10BF98: found_path (pipe.c:33)
==588807==    by 0x10C1BC: exec_pipe (pipe.c:107)
==588807==    by 0x10AF30: exec_cmd_inter_exter (cmd_exec.c:68)
==588807==    by 0x109743: main (main.c:55)
==588807== 
==588807== 16 bytes in 1 blocks are still reachable in loss record 19 of 79
==588807==    at 0x4848899: malloc (in /usr/libexec/valgrind/vgpreload_memcheck-amd64-linux.so)
==588807==    by 0x109F87: new_token (pars_utils.c:20)
==588807==    by 0x109EAC: parsing (parsing.c:168)
==588807==    by 0x109730: main (main.c:54)
==588807== 
==588807== 32 bytes in 1 blocks are still reachable in loss record 24 of 79
==588807==    at 0x4848899: malloc (in /usr/libexec/valgrind/vgpreload_memcheck-amd64-linux.so)
==588807==    by 0x10A4AD: found_redirection (pars_utils.c:178)
==588807==    by 0x109DE3: parsing (parsing.c:146)
==588807==    by 0x109730: main (main.c:54)
==588807== 
==588807== 56 bytes in 1 blocks are still reachable in loss record 28 of 79
==588807==    at 0x4848899: malloc (in /usr/libexec/valgrind/vgpreload_memcheck-amd64-linux.so)
==588807==    by 0x109611: main (main.c:28)
==588807== 
==588807== 1,046 bytes in 76 blocks are still reachable in loss record 48 of 79
==588807==    at 0x4848899: malloc (in /usr/libexec/valgrind/vgpreload_memcheck-amd64-linux.so)
==588807==    by 0x496E5CE: strndup (strndup.c:43)
==588807==    by 0x10B6B8: init_env (init.c:38)
==588807==    by 0x109603: main (main.c:27)
==588807== 
==588807== 1,824 bytes in 76 blocks are still reachable in loss record 51 of 79
==588807==    at 0x4848899: malloc (in /usr/libexec/valgrind/vgpreload_memcheck-amd64-linux.so)
==588807==    by 0x10B654: init_env (init.c:32)
==588807==    by 0x109603: main (main.c:27)
==588807== 
==588807== 3,145 bytes in 76 blocks are still reachable in loss record 54 of 79
==588807==    at 0x4848899: malloc (in /usr/libexec/valgrind/vgpreload_memcheck-amd64-linux.so)
==588807==    by 0x496E58E: strdup (strdup.c:42)
==588807==    by 0x10B6D2: init_env (init.c:39)
==588807==    by 0x109603: main (main.c:27)
==588807== 
==588807== LEAK SUMMARY:
==588807==    definitely lost: 3 bytes in 1 blocks
==588807==    indirectly lost: 0 bytes in 0 blocks
==588807==      possibly lost: 0 bytes in 0 blocks
==588807==    still reachable: 6,144 bytes in 236 blocks
==588807==         suppressed: 208,223 bytes in 226 blocks
==588807== 
==588807== For lists of detected and suppressed errors, rerun with: -s
==588807== ERROR SUMMARY: 1 errors from 1 contexts (suppressed: 0 from 0)
==588879== 
==588879== FILE DESCRIPTORS: 8 open (3 std) at exit.
==588879== Open file descriptor 4: /dev/pts/1
==588879==    at 0x49DAFEB: dup (syscall-template.S:120)
==588879==    by 0x10BD96: redir_heredoc (heredoc.c:81)
==588879==    by 0x10C7E7: exec_redir (redir.c:36)
==588879==    by 0x10C38D: exec_pipe (pipe.c:162)
==588879==    by 0x10AF30: exec_cmd_inter_exter (cmd_exec.c:68)
==588879==    by 0x109743: main (main.c:55)
==588879== 
==588879== Open file descriptor 103: /usr/share/code/v8_context_snapshot.bin
==588879==    <inherited from parent>
==588879== 
==588879== Open AF_UNIX socket 43: <unknown>
==588879==    <inherited from parent>
==588879== 
==588879== Open file descriptor 42: /home/nadahman/.config/Code/logs/20250317T102023/ptyhost.log
==588879==    <inherited from parent>
==588879== 
==588879== Open file descriptor 3: /home/nadahman/Desktop/minishell/leaks.log
==588879==    <inherited from parent>
==588879== 
==588879== 
==588879== HEAP SUMMARY:
==588879==     in use at exit: 214,383 bytes in 464 blocks
==588879==   total heap usage: 726 allocs, 262 frees, 235,997 bytes allocated
==588879== 
==588879== 2 bytes in 1 blocks are still reachable in loss record 1 of 80
==588879==    at 0x4848899: malloc (in /usr/libexec/valgrind/vgpreload_memcheck-amd64-linux.so)
==588879==    by 0x10D2D7: ft_substr (in /home/nadahman/Desktop/minishell/minishell)
==588879==    by 0x1099CB: recup_token (parsing.c:54)
==588879==    by 0x10A633: found_redirection (pars_utils.c:202)
==588879==    by 0x109DE3: parsing (parsing.c:146)
==588879==    by 0x109730: main (main.c:54)
==588879== 
==588879== 3 bytes in 1 blocks are still reachable in loss record 2 of 80
==588879==    at 0x4848899: malloc (in /usr/libexec/valgrind/vgpreload_memcheck-amd64-linux.so)
==588879==    by 0x10CD9F: ft_strdup (in /home/nadahman/Desktop/minishell/minishell)
==588879==    by 0x10A52D: found_redirection (pars_utils.c:191)
==588879==    by 0x109DE3: parsing (parsing.c:146)
==588879==    by 0x109730: main (main.c:54)
==588879== 
==588879== 3 bytes in 1 blocks are still reachable in loss record 3 of 80
==588879==    at 0x4848899: malloc (in /usr/libexec/valgrind/vgpreload_memcheck-amd64-linux.so)
==588879==    by 0x10CD9F: ft_strdup (in /home/nadahman/Desktop/minishell/minishell)
==588879==    by 0x109FA5: new_token (pars_utils.c:23)
==588879==    by 0x109EAC: parsing (parsing.c:168)
==588879==    by 0x109730: main (main.c:54)
==588879== 
==588879== 3 bytes in 1 blocks are definitely lost in loss record 6 of 80
==588879==    at 0x4848899: malloc (in /usr/libexec/valgrind/vgpreload_memcheck-amd64-linux.so)
==588879==    by 0x10D2D7: ft_substr (in /home/nadahman/Desktop/minishell/minishell)
==588879==    by 0x1099CB: recup_token (parsing.c:54)
==588879==    by 0x109E7C: parsing (parsing.c:162)
==588879==    by 0x109730: main (main.c:54)
==588879== 
==588879== 4 bytes in 1 blocks are still reachable in loss record 7 of 80
==588879==    at 0x4848899: malloc (in /usr/libexec/valgrind/vgpreload_memcheck-amd64-linux.so)
==588879==    by 0x10D2D7: ft_substr (in /home/nadahman/Desktop/minishell/minishell)
==588879==    by 0x1099CB: recup_token (parsing.c:54)
==588879==    by 0x109E7C: parsing (parsing.c:162)
==588879==    by 0x109730: main (main.c:54)
==588879== 
==588879== 13 bytes in 1 blocks are still reachable in loss record 14 of 80
==588879==    at 0x4848899: malloc (in /usr/libexec/valgrind/vgpreload_memcheck-amd64-linux.so)
==588879==    by 0x10CF90: ft_strjoin (in /home/nadahman/Desktop/minishell/minishell)
==588879==    by 0x10BF98: found_path (pipe.c:33)
==588879==    by 0x10C1BC: exec_pipe (pipe.c:107)
==588879==    by 0x10AF30: exec_cmd_inter_exter (cmd_exec.c:68)
==588879==    by 0x109743: main (main.c:55)
==588879== 
==588879== 13 bytes in 1 blocks are still reachable in loss record 15 of 80
==588879==    at 0x4848899: malloc (in /usr/libexec/valgrind/vgpreload_memcheck-amd64-linux.so)
==588879==    by 0x10CF90: ft_strjoin (in /home/nadahman/Desktop/minishell/minishell)
==588879==    by 0x10BF98: found_path (pipe.c:33)
==588879==    by 0x10C04C: exec_process (pipe.c:54)
==588879==    by 0x10C3EF: exec_pipe (pipe.c:174)
==588879==    by 0x10AF30: exec_cmd_inter_exter (cmd_exec.c:68)
==588879==    by 0x109743: main (main.c:55)
==588879== 
==588879== 16 bytes in 1 blocks are still reachable in loss record 20 of 80
==588879==    at 0x4848899: malloc (in /usr/libexec/valgrind/vgpreload_memcheck-amd64-linux.so)
==588879==    by 0x109F87: new_token (pars_utils.c:20)
==588879==    by 0x109EAC: parsing (parsing.c:168)
==588879==    by 0x109730: main (main.c:54)
==588879== 
==588879== 32 bytes in 1 blocks are still reachable in loss record 25 of 80
==588879==    at 0x4848899: malloc (in /usr/libexec/valgrind/vgpreload_memcheck-amd64-linux.so)
==588879==    by 0x10A4AD: found_redirection (pars_utils.c:178)
==588879==    by 0x109DE3: parsing (parsing.c:146)
==588879==    by 0x109730: main (main.c:54)
==588879== 
==588879== 56 bytes in 1 blocks are still reachable in loss record 29 of 80
==588879==    at 0x4848899: malloc (in /usr/libexec/valgrind/vgpreload_memcheck-amd64-linux.so)
==588879==    by 0x109611: main (main.c:28)
==588879== 
==588879== 1,046 bytes in 76 blocks are still reachable in loss record 49 of 80
==588879==    at 0x4848899: malloc (in /usr/libexec/valgrind/vgpreload_memcheck-amd64-linux.so)
==588879==    by 0x496E5CE: strndup (strndup.c:43)
==588879==    by 0x10B6B8: init_env (init.c:38)
==588879==    by 0x109603: main (main.c:27)
==588879== 
==588879== 1,824 bytes in 76 blocks are still reachable in loss record 52 of 80
==588879==    at 0x4848899: malloc (in /usr/libexec/valgrind/vgpreload_memcheck-amd64-linux.so)
==588879==    by 0x10B654: init_env (init.c:32)
==588879==    by 0x109603: main (main.c:27)
==588879== 
==588879== 3,145 bytes in 76 blocks are still reachable in loss record 55 of 80
==588879==    at 0x4848899: malloc (in /usr/libexec/valgrind/vgpreload_memcheck-amd64-linux.so)
==588879==    by 0x496E58E: strdup (strdup.c:42)
==588879==    by 0x10B6D2: init_env (init.c:39)
==588879==    by 0x109603: main (main.c:27)
==588879== 
==588879== LEAK SUMMARY:
==588879==    definitely lost: 3 bytes in 1 blocks
==588879==    indirectly lost: 0 bytes in 0 blocks
==588879==      possibly lost: 0 bytes in 0 blocks
==588879==    still reachable: 6,157 bytes in 237 blocks
==588879==         suppressed: 208,223 bytes in 226 blocks
==588879== 
==588879== For lists of detected and suppressed errors, rerun with: -s
==588879== ERROR SUMMARY: 1 errors from 1 contexts (suppressed: 0 from 0)
==589026== 
==589026== FILE DESCRIPTORS: 7 open (3 std) at exit.
==589026== Open file descriptor 103: /usr/share/code/v8_context_snapshot.bin
==589026==    <inherited from parent>
==589026== 
==589026== Open AF_UNIX socket 43: <unknown>
==589026==    <inherited from parent>
==589026== 
==589026== Open file descriptor 42: /home/nadahman/.config/Code/logs/20250317T102023/ptyhost.log
==589026==    <inherited from parent>
==589026== 
==589026== Open file descriptor 3: /home/nadahman/Desktop/minishell/leaks.log
==589026==    <inherited from parent>
==589026== 
==589026== 
==589026== HEAP SUMMARY:
==589026==     in use at exit: 214,461 bytes in 471 blocks
==589026==   total heap usage: 773 allocs, 302 frees, 236,753 bytes allocated
==589026== 
==589026== 2 bytes in 1 blocks are indirectly lost in loss record 2 of 86
==589026==    at 0x4848899: malloc (in /usr/libexec/valgrind/vgpreload_memcheck-amd64-linux.so)
==589026==    by 0x10D2D7: ft_substr (in /home/nadahman/Desktop/minishell/minishell)
==589026==    by 0x1099CB: recup_token (parsing.c:54)
==589026==    by 0x10A633: found_redirection (pars_utils.c:202)
==589026==    by 0x109DE3: parsing (parsing.c:146)
==589026==    by 0x109730: main (main.c:54)
==589026== 
==589026== 3 bytes in 1 blocks are still reachable in loss record 3 of 86
==589026==    at 0x4848899: malloc (in /usr/libexec/valgrind/vgpreload_memcheck-amd64-linux.so)
==589026==    by 0x10CD9F: ft_strdup (in /home/nadahman/Desktop/minishell/minishell)
==589026==    by 0x10A52D: found_redirection (pars_utils.c:191)
==589026==    by 0x109DE3: parsing (parsing.c:146)
==589026==    by 0x109730: main (main.c:54)
==589026== 
==589026== 3 bytes in 1 blocks are indirectly lost in loss record 6 of 86
==589026==    at 0x4848899: malloc (in /usr/libexec/valgrind/vgpreload_memcheck-amd64-linux.so)
==589026==    by 0x10CD9F: ft_strdup (in /home/nadahman/Desktop/minishell/minishell)
==589026==    by 0x10A52D: found_redirection (pars_utils.c:191)
==589026==    by 0x109DE3: parsing (parsing.c:146)
==589026==    by 0x109730: main (main.c:54)
==589026== 
==589026== 3 bytes in 1 blocks are indirectly lost in loss record 7 of 86
==589026==    at 0x4848899: malloc (in /usr/libexec/valgrind/vgpreload_memcheck-amd64-linux.so)
==589026==    by 0x10CD9F: ft_strdup (in /home/nadahman/Desktop/minishell/minishell)
==589026==    by 0x109FA5: new_token (pars_utils.c:23)
==589026==    by 0x109EAC: parsing (parsing.c:168)
==589026==    by 0x109730: main (main.c:54)
==589026== 
==589026== 4 bytes in 1 blocks are still reachable in loss record 8 of 86
==589026==    at 0x4848899: malloc (in /usr/libexec/valgrind/vgpreload_memcheck-amd64-linux.so)
==589026==    by 0x10D2D7: ft_substr (in /home/nadahman/Desktop/minishell/minishell)
==589026==    by 0x1099CB: recup_token (parsing.c:54)
==589026==    by 0x109E7C: parsing (parsing.c:162)
==589026==    by 0x109730: main (main.c:54)
==589026== 
==589026== 4 bytes in 1 blocks are still reachable in loss record 9 of 86
==589026==    at 0x4848899: malloc (in /usr/libexec/valgrind/vgpreload_memcheck-amd64-linux.so)
==589026==    by 0x10D2D7: ft_substr (in /home/nadahman/Desktop/minishell/minishell)
==589026==    by 0x1099CB: recup_token (parsing.c:54)
==589026==    by 0x10A633: found_redirection (pars_utils.c:202)
==589026==    by 0x109DE3: parsing (parsing.c:146)
==589026==    by 0x109730: main (main.c:54)
==589026== 
==589026== 7 bytes in 2 blocks are definitely lost in loss record 10 of 86
==589026==    at 0x4848899: malloc (in /usr/libexec/valgrind/vgpreload_memcheck-amd64-linux.so)
==589026==    by 0x10D2D7: ft_substr (in /home/nadahman/Desktop/minishell/minishell)
==589026==    by 0x1099CB: recup_token (parsing.c:54)
==589026==    by 0x109E7C: parsing (parsing.c:162)
==589026==    by 0x109730: main (main.c:54)
==589026== 
==589026== 13 bytes in 1 blocks are still reachable in loss record 18 of 86
==589026==    at 0x4848899: malloc (in /usr/libexec/valgrind/vgpreload_memcheck-amd64-linux.so)
==589026==    by 0x10CF90: ft_strjoin (in /home/nadahman/Desktop/minishell/minishell)
==589026==    by 0x10BF98: found_path (pipe.c:33)
==589026==    by 0x10C1BC: exec_pipe (pipe.c:107)
==589026==    by 0x10AF30: exec_cmd_inter_exter (cmd_exec.c:68)
==589026==    by 0x109743: main (main.c:55)
==589026== 
==589026== 13 bytes in 1 blocks are definitely lost in loss record 19 of 86
==589026==    at 0x4848899: malloc (in /usr/libexec/valgrind/vgpreload_memcheck-amd64-linux.so)
==589026==    by 0x10CF90: ft_strjoin (in /home/nadahman/Desktop/minishell/minishell)
==589026==    by 0x10BF98: found_path (pipe.c:33)
==589026==    by 0x10C1BC: exec_pipe (pipe.c:107)
==589026==    by 0x10AF30: exec_cmd_inter_exter (cmd_exec.c:68)
==589026==    by 0x109743: main (main.c:55)
==589026== 
==589026== 19 (16 direct, 3 indirect) bytes in 1 blocks are definitely lost in loss record 24 of 86
==589026==    at 0x4848899: malloc (in /usr/libexec/valgrind/vgpreload_memcheck-amd64-linux.so)
==589026==    by 0x109F87: new_token (pars_utils.c:20)
==589026==    by 0x109EAC: parsing (parsing.c:168)
==589026==    by 0x109730: main (main.c:54)
==589026== 
==589026== 32 bytes in 1 blocks are still reachable in loss record 30 of 86
==589026==    at 0x4848899: malloc (in /usr/libexec/valgrind/vgpreload_memcheck-amd64-linux.so)
==589026==    by 0x10A4AD: found_redirection (pars_utils.c:178)
==589026==    by 0x109DE3: parsing (parsing.c:146)
==589026==    by 0x109730: main (main.c:54)
==589026== 
==589026== 37 (32 direct, 5 indirect) bytes in 1 blocks are definitely lost in loss record 31 of 86
==589026==    at 0x4848899: malloc (in /usr/libexec/valgrind/vgpreload_memcheck-amd64-linux.so)
==589026==    by 0x10A4AD: found_redirection (pars_utils.c:178)
==589026==    by 0x109DE3: parsing (parsing.c:146)
==589026==    by 0x109730: main (main.c:54)
==589026== 
==589026== 56 bytes in 1 blocks are still reachable in loss record 35 of 86
==589026==    at 0x4848899: malloc (in /usr/libexec/valgrind/vgpreload_memcheck-amd64-linux.so)
==589026==    by 0x109611: main (main.c:28)
==589026== 
==589026== 1,046 bytes in 76 blocks are still reachable in loss record 55 of 86
==589026==    at 0x4848899: malloc (in /usr/libexec/valgrind/vgpreload_memcheck-amd64-linux.so)
==589026==    by 0x496E5CE: strndup (strndup.c:43)
==589026==    by 0x10B6B8: init_env (init.c:38)
==589026==    by 0x109603: main (main.c:27)
==589026== 
==589026== 1,824 bytes in 76 blocks are still reachable in loss record 58 of 86
==589026==    at 0x4848899: malloc (in /usr/libexec/valgrind/vgpreload_memcheck-amd64-linux.so)
==589026==    by 0x10B654: init_env (init.c:32)
==589026==    by 0x109603: main (main.c:27)
==589026== 
==589026== 3,145 bytes in 76 blocks are still reachable in loss record 61 of 86
==589026==    at 0x4848899: malloc (in /usr/libexec/valgrind/vgpreload_memcheck-amd64-linux.so)
==589026==    by 0x496E58E: strdup (strdup.c:42)
==589026==    by 0x10B6D2: init_env (init.c:39)
==589026==    by 0x109603: main (main.c:27)
==589026== 
==589026== LEAK SUMMARY:
==589026==    definitely lost: 68 bytes in 5 blocks
==589026==    indirectly lost: 8 bytes in 3 blocks
==589026==      possibly lost: 0 bytes in 0 blocks
==589026==    still reachable: 6,127 bytes in 234 blocks
==589026==         suppressed: 208,258 bytes in 229 blocks
==589026== 
==589026== For lists of detected and suppressed errors, rerun with: -s
==589026== ERROR SUMMARY: 4 errors from 4 contexts (suppressed: 0 from 0)
==589115== 
==589115== FILE DESCRIPTORS: 8 open (3 std) at exit.
==589115== Open file descriptor 4: /dev/pts/1
==589115==    at 0x49DAFEB: dup (syscall-template.S:120)
==589115==    by 0x10BD96: redir_heredoc (heredoc.c:81)
==589115==    by 0x10C7E7: exec_redir (redir.c:36)
==589115==    by 0x10C38D: exec_pipe (pipe.c:162)
==589115==    by 0x10AF30: exec_cmd_inter_exter (cmd_exec.c:68)
==589115==    by 0x109743: main (main.c:55)
==589115== 
==589115== Open file descriptor 103: /usr/share/code/v8_context_snapshot.bin
==589115==    <inherited from parent>
==589115== 
==589115== Open AF_UNIX socket 43: <unknown>
==589115==    <inherited from parent>
==589115== 
==589115== Open file descriptor 42: /home/nadahman/.config/Code/logs/20250317T102023/ptyhost.log
==589115==    <inherited from parent>
==589115== 
==589115== Open file descriptor 3: /home/nadahman/Desktop/minishell/leaks.log
==589115==    <inherited from parent>
==589115== 
==589115== 
==589115== HEAP SUMMARY:
==589115==     in use at exit: 214,474 bytes in 472 blocks
==589115==   total heap usage: 795 allocs, 323 frees, 237,156 bytes allocated
==589115== 
==589115== 2 bytes in 1 blocks are indirectly lost in loss record 2 of 87
==589115==    at 0x4848899: malloc (in /usr/libexec/valgrind/vgpreload_memcheck-amd64-linux.so)
==589115==    by 0x10D2D7: ft_substr (in /home/nadahman/Desktop/minishell/minishell)
==589115==    by 0x1099CB: recup_token (parsing.c:54)
==589115==    by 0x10A633: found_redirection (pars_utils.c:202)
==589115==    by 0x109DE3: parsing (parsing.c:146)
==589115==    by 0x109730: main (main.c:54)
==589115== 
==589115== 3 bytes in 1 blocks are still reachable in loss record 3 of 87
==589115==    at 0x4848899: malloc (in /usr/libexec/valgrind/vgpreload_memcheck-amd64-linux.so)
==589115==    by 0x10CD9F: ft_strdup (in /home/nadahman/Desktop/minishell/minishell)
==589115==    by 0x10A52D: found_redirection (pars_utils.c:191)
==589115==    by 0x109DE3: parsing (parsing.c:146)
==589115==    by 0x109730: main (main.c:54)
==589115== 
==589115== 3 bytes in 1 blocks are indirectly lost in loss record 6 of 87
==589115==    at 0x4848899: malloc (in /usr/libexec/valgrind/vgpreload_memcheck-amd64-linux.so)
==589115==    by 0x10CD9F: ft_strdup (in /home/nadahman/Desktop/minishell/minishell)
==589115==    by 0x10A52D: found_redirection (pars_utils.c:191)
==589115==    by 0x109DE3: parsing (parsing.c:146)
==589115==    by 0x109730: main (main.c:54)
==589115== 
==589115== 3 bytes in 1 blocks are indirectly lost in loss record 7 of 87
==589115==    at 0x4848899: malloc (in /usr/libexec/valgrind/vgpreload_memcheck-amd64-linux.so)
==589115==    by 0x10CD9F: ft_strdup (in /home/nadahman/Desktop/minishell/minishell)
==589115==    by 0x109FA5: new_token (pars_utils.c:23)
==589115==    by 0x109EAC: parsing (parsing.c:168)
==589115==    by 0x109730: main (main.c:54)
==589115== 
==589115== 4 bytes in 1 blocks are still reachable in loss record 8 of 87
==589115==    at 0x4848899: malloc (in /usr/libexec/valgrind/vgpreload_memcheck-amd64-linux.so)
==589115==    by 0x10D2D7: ft_substr (in /home/nadahman/Desktop/minishell/minishell)
==589115==    by 0x1099CB: recup_token (parsing.c:54)
==589115==    by 0x109E7C: parsing (parsing.c:162)
==589115==    by 0x109730: main (main.c:54)
==589115== 
==589115== 4 bytes in 1 blocks are still reachable in loss record 9 of 87
==589115==    at 0x4848899: malloc (in /usr/libexec/valgrind/vgpreload_memcheck-amd64-linux.so)
==589115==    by 0x10D2D7: ft_substr (in /home/nadahman/Desktop/minishell/minishell)
==589115==    by 0x1099CB: recup_token (parsing.c:54)
==589115==    by 0x10A633: found_redirection (pars_utils.c:202)
==589115==    by 0x109DE3: parsing (parsing.c:146)
==589115==    by 0x109730: main (main.c:54)
==589115== 
==589115== 7 bytes in 2 blocks are definitely lost in loss record 10 of 87
==589115==    at 0x4848899: malloc (in /usr/libexec/valgrind/vgpreload_memcheck-amd64-linux.so)
==589115==    by 0x10D2D7: ft_substr (in /home/nadahman/Desktop/minishell/minishell)
==589115==    by 0x1099CB: recup_token (parsing.c:54)
==589115==    by 0x109E7C: parsing (parsing.c:162)
==589115==    by 0x109730: main (main.c:54)
==589115== 
==589115== 13 bytes in 1 blocks are still reachable in loss record 18 of 87
==589115==    at 0x4848899: malloc (in /usr/libexec/valgrind/vgpreload_memcheck-amd64-linux.so)
==589115==    by 0x10CF90: ft_strjoin (in /home/nadahman/Desktop/minishell/minishell)
==589115==    by 0x10BF98: found_path (pipe.c:33)
==589115==    by 0x10C1BC: exec_pipe (pipe.c:107)
==589115==    by 0x10AF30: exec_cmd_inter_exter (cmd_exec.c:68)
==589115==    by 0x109743: main (main.c:55)
==589115== 
==589115== 13 bytes in 1 blocks are still reachable in loss record 19 of 87
==589115==    at 0x4848899: malloc (in /usr/libexec/valgrind/vgpreload_memcheck-amd64-linux.so)
==589115==    by 0x10CF90: ft_strjoin (in /home/nadahman/Desktop/minishell/minishell)
==589115==    by 0x10BF98: found_path (pipe.c:33)
==589115==    by 0x10C04C: exec_process (pipe.c:54)
==589115==    by 0x10C3EF: exec_pipe (pipe.c:174)
==589115==    by 0x10AF30: exec_cmd_inter_exter (cmd_exec.c:68)
==589115==    by 0x109743: main (main.c:55)
==589115== 
==589115== 13 bytes in 1 blocks are definitely lost in loss record 20 of 87
==589115==    at 0x4848899: malloc (in /usr/libexec/valgrind/vgpreload_memcheck-amd64-linux.so)
==589115==    by 0x10CF90: ft_strjoin (in /home/nadahman/Desktop/minishell/minishell)
==589115==    by 0x10BF98: found_path (pipe.c:33)
==589115==    by 0x10C1BC: exec_pipe (pipe.c:107)
==589115==    by 0x10AF30: exec_cmd_inter_exter (cmd_exec.c:68)
==589115==    by 0x109743: main (main.c:55)
==589115== 
==589115== 19 (16 direct, 3 indirect) bytes in 1 blocks are definitely lost in loss record 25 of 87
==589115==    at 0x4848899: malloc (in /usr/libexec/valgrind/vgpreload_memcheck-amd64-linux.so)
==589115==    by 0x109F87: new_token (pars_utils.c:20)
==589115==    by 0x109EAC: parsing (parsing.c:168)
==589115==    by 0x109730: main (main.c:54)
==589115== 
==589115== 32 bytes in 1 blocks are still reachable in loss record 31 of 87
==589115==    at 0x4848899: malloc (in /usr/libexec/valgrind/vgpreload_memcheck-amd64-linux.so)
==589115==    by 0x10A4AD: found_redirection (pars_utils.c:178)
==589115==    by 0x109DE3: parsing (parsing.c:146)
==589115==    by 0x109730: main (main.c:54)
==589115== 
==589115== 37 (32 direct, 5 indirect) bytes in 1 blocks are definitely lost in loss record 32 of 87
==589115==    at 0x4848899: malloc (in /usr/libexec/valgrind/vgpreload_memcheck-amd64-linux.so)
==589115==    by 0x10A4AD: found_redirection (pars_utils.c:178)
==589115==    by 0x109DE3: parsing (parsing.c:146)
==589115==    by 0x109730: main (main.c:54)
==589115== 
==589115== 56 bytes in 1 blocks are still reachable in loss record 36 of 87
==589115==    at 0x4848899: malloc (in /usr/libexec/valgrind/vgpreload_memcheck-amd64-linux.so)
==589115==    by 0x109611: main (main.c:28)
==589115== 
==589115== 1,046 bytes in 76 blocks are still reachable in loss record 56 of 87
==589115==    at 0x4848899: malloc (in /usr/libexec/valgrind/vgpreload_memcheck-amd64-linux.so)
==589115==    by 0x496E5CE: strndup (strndup.c:43)
==589115==    by 0x10B6B8: init_env (init.c:38)
==589115==    by 0x109603: main (main.c:27)
==589115== 
==589115== 1,824 bytes in 76 blocks are still reachable in loss record 59 of 87
==589115==    at 0x4848899: malloc (in /usr/libexec/valgrind/vgpreload_memcheck-amd64-linux.so)
==589115==    by 0x10B654: init_env (init.c:32)
==589115==    by 0x109603: main (main.c:27)
==589115== 
==589115== 3,145 bytes in 76 blocks are still reachable in loss record 62 of 87
==589115==    at 0x4848899: malloc (in /usr/libexec/valgrind/vgpreload_memcheck-amd64-linux.so)
==589115==    by 0x496E58E: strdup (strdup.c:42)
==589115==    by 0x10B6D2: init_env (init.c:39)
==589115==    by 0x109603: main (main.c:27)
==589115== 
==589115== LEAK SUMMARY:
==589115==    definitely lost: 68 bytes in 5 blocks
==589115==    indirectly lost: 8 bytes in 3 blocks
==589115==      possibly lost: 0 bytes in 0 blocks
==589115==    still reachable: 6,140 bytes in 235 blocks
==589115==         suppressed: 208,258 bytes in 229 blocks
==589115== 
==589115== For lists of detected and suppressed errors, rerun with: -s
==589115== ERROR SUMMARY: 4 errors from 4 contexts (suppressed: 0 from 0)
==589262== 
==589262== FILE DESCRIPTORS: 7 open (3 std) at exit.
==589262== Open file descriptor 103: /usr/share/code/v8_context_snapshot.bin
==589262==    <inherited from parent>
==589262== 
==589262== Open AF_UNIX socket 43: <unknown>
==589262==    <inherited from parent>
==589262== 
==589262== Open file descriptor 42: /home/nadahman/.config/Code/logs/20250317T102023/ptyhost.log
==589262==    <inherited from parent>
==589262== 
==589262== Open file descriptor 3: /home/nadahman/Desktop/minishell/leaks.log
==589262==    <inherited from parent>
==589262== 
==589262== 
==589262== HEAP SUMMARY:
==589262==     in use at exit: 214,564 bytes in 479 blocks
==589262==   total heap usage: 813 allocs, 334 frees, 237,456 bytes allocated
==589262== 
==589262== 3 bytes in 1 blocks are still reachable in loss record 2 of 86
==589262==    at 0x4848899: malloc (in /usr/libexec/valgrind/vgpreload_memcheck-amd64-linux.so)
==589262==    by 0x10CD9F: ft_strdup (in /home/nadahman/Desktop/minishell/minishell)
==589262==    by 0x10A52D: found_redirection (pars_utils.c:191)
==589262==    by 0x109DE3: parsing (parsing.c:146)
==589262==    by 0x109730: main (main.c:54)
==589262== 
==589262== 3 bytes in 1 blocks are indirectly lost in loss record 5 of 86
==589262==    at 0x4848899: malloc (in /usr/libexec/valgrind/vgpreload_memcheck-amd64-linux.so)
==589262==    by 0x10CD9F: ft_strdup (in /home/nadahman/Desktop/minishell/minishell)
==589262==    by 0x109FA5: new_token (pars_utils.c:23)
==589262==    by 0x109EAC: parsing (parsing.c:168)
==589262==    by 0x109730: main (main.c:54)
==589262== 
==589262== 4 bytes in 1 blocks are still reachable in loss record 6 of 86
==589262==    at 0x4848899: malloc (in /usr/libexec/valgrind/vgpreload_memcheck-amd64-linux.so)
==589262==    by 0x10D2D7: ft_substr (in /home/nadahman/Desktop/minishell/minishell)
==589262==    by 0x1099CB: recup_token (parsing.c:54)
==589262==    by 0x109E7C: parsing (parsing.c:162)
==589262==    by 0x109730: main (main.c:54)
==589262== 
==589262== 4 bytes in 1 blocks are still reachable in loss record 7 of 86
==589262==    at 0x4848899: malloc (in /usr/libexec/valgrind/vgpreload_memcheck-amd64-linux.so)
==589262==    by 0x10D2D7: ft_substr (in /home/nadahman/Desktop/minishell/minishell)
==589262==    by 0x1099CB: recup_token (parsing.c:54)
==589262==    by 0x10A633: found_redirection (pars_utils.c:202)
==589262==    by 0x109DE3: parsing (parsing.c:146)
==589262==    by 0x109730: main (main.c:54)
==589262== 
==589262== 6 bytes in 2 blocks are indirectly lost in loss record 8 of 86
==589262==    at 0x4848899: malloc (in /usr/libexec/valgrind/vgpreload_memcheck-amd64-linux.so)
==589262==    by 0x10CD9F: ft_strdup (in /home/nadahman/Desktop/minishell/minishell)
==589262==    by 0x10A52D: found_redirection (pars_utils.c:191)
==589262==    by 0x109DE3: parsing (parsing.c:146)
==589262==    by 0x109730: main (main.c:54)
==589262== 
==589262== 6 bytes in 2 blocks are indirectly lost in loss record 9 of 86
==589262==    at 0x4848899: malloc (in /usr/libexec/valgrind/vgpreload_memcheck-amd64-linux.so)
==589262==    by 0x10D2D7: ft_substr (in /home/nadahman/Desktop/minishell/minishell)
==589262==    by 0x1099CB: recup_token (parsing.c:54)
==589262==    by 0x10A633: found_redirection (pars_utils.c:202)
==589262==    by 0x109DE3: parsing (parsing.c:146)
==589262==    by 0x109730: main (main.c:54)
==589262== 
==589262== 11 bytes in 3 blocks are definitely lost in loss record 13 of 86
==589262==    at 0x4848899: malloc (in /usr/libexec/valgrind/vgpreload_memcheck-amd64-linux.so)
==589262==    by 0x10D2D7: ft_substr (in /home/nadahman/Desktop/minishell/minishell)
==589262==    by 0x1099CB: recup_token (parsing.c:54)
==589262==    by 0x109E7C: parsing (parsing.c:162)
==589262==    by 0x109730: main (main.c:54)
==589262== 
==589262== 13 bytes in 1 blocks are still reachable in loss record 16 of 86
==589262==    at 0x4848899: malloc (in /usr/libexec/valgrind/vgpreload_memcheck-amd64-linux.so)
==589262==    by 0x10CF90: ft_strjoin (in /home/nadahman/Desktop/minishell/minishell)
==589262==    by 0x10BF98: found_path (pipe.c:33)
==589262==    by 0x10C1BC: exec_pipe (pipe.c:107)
==589262==    by 0x10AF30: exec_cmd_inter_exter (cmd_exec.c:68)
==589262==    by 0x109743: main (main.c:55)
==589262== 
==589262== 19 (16 direct, 3 indirect) bytes in 1 blocks are definitely lost in loss record 21 of 86
==589262==    at 0x4848899: malloc (in /usr/libexec/valgrind/vgpreload_memcheck-amd64-linux.so)
==589262==    by 0x109F87: new_token (pars_utils.c:20)
==589262==    by 0x109EAC: parsing (parsing.c:168)
==589262==    by 0x109730: main (main.c:54)
==589262== 
==589262== 26 bytes in 2 blocks are definitely lost in loss record 27 of 86
==589262==    at 0x4848899: malloc (in /usr/libexec/valgrind/vgpreload_memcheck-amd64-linux.so)
==589262==    by 0x10CF90: ft_strjoin (in /home/nadahman/Desktop/minishell/minishell)
==589262==    by 0x10BF98: found_path (pipe.c:33)
==589262==    by 0x10C1BC: exec_pipe (pipe.c:107)
==589262==    by 0x10AF30: exec_cmd_inter_exter (cmd_exec.c:68)
==589262==    by 0x109743: main (main.c:55)
==589262== 
==589262== 32 bytes in 1 blocks are still reachable in loss record 29 of 86
==589262==    at 0x4848899: malloc (in /usr/libexec/valgrind/vgpreload_memcheck-amd64-linux.so)
==589262==    by 0x10A4AD: found_redirection (pars_utils.c:178)
==589262==    by 0x109DE3: parsing (parsing.c:146)
==589262==    by 0x109730: main (main.c:54)
==589262== 
==589262== 56 bytes in 1 blocks are still reachable in loss record 34 of 86
==589262==    at 0x4848899: malloc (in /usr/libexec/valgrind/vgpreload_memcheck-amd64-linux.so)
==589262==    by 0x109611: main (main.c:28)
==589262== 
==589262== 76 (64 direct, 12 indirect) bytes in 2 blocks are definitely lost in loss record 35 of 86
==589262==    at 0x4848899: malloc (in /usr/libexec/valgrind/vgpreload_memcheck-amd64-linux.so)
==589262==    by 0x10A4AD: found_redirection (pars_utils.c:178)
==589262==    by 0x109DE3: parsing (parsing.c:146)
==589262==    by 0x109730: main (main.c:54)
==589262== 
==589262== 1,046 bytes in 76 blocks are still reachable in loss record 55 of 86
==589262==    at 0x4848899: malloc (in /usr/libexec/valgrind/vgpreload_memcheck-amd64-linux.so)
==589262==    by 0x496E5CE: strndup (strndup.c:43)
==589262==    by 0x10B6B8: init_env (init.c:38)
==589262==    by 0x109603: main (main.c:27)
==589262== 
==589262== 1,824 bytes in 76 blocks are still reachable in loss record 58 of 86
==589262==    at 0x4848899: malloc (in /usr/libexec/valgrind/vgpreload_memcheck-amd64-linux.so)
==589262==    by 0x10B654: init_env (init.c:32)
==589262==    by 0x109603: main (main.c:27)
==589262== 
==589262== 3,145 bytes in 76 blocks are still reachable in loss record 61 of 86
==589262==    at 0x4848899: malloc (in /usr/libexec/valgrind/vgpreload_memcheck-amd64-linux.so)
==589262==    by 0x496E58E: strdup (strdup.c:42)
==589262==    by 0x10B6D2: init_env (init.c:39)
==589262==    by 0x109603: main (main.c:27)
==589262== 
==589262== LEAK SUMMARY:
==589262==    definitely lost: 117 bytes in 8 blocks
==589262==    indirectly lost: 15 bytes in 5 blocks
==589262==      possibly lost: 0 bytes in 0 blocks
==589262==    still reachable: 6,127 bytes in 234 blocks
==589262==         suppressed: 208,305 bytes in 232 blocks
==589262== 
==589262== For lists of detected and suppressed errors, rerun with: -s
==589262== ERROR SUMMARY: 4 errors from 4 contexts (suppressed: 0 from 0)
==589302== 
==589302== FILE DESCRIPTORS: 8 open (3 std) at exit.
==589302== Open file descriptor 4: /dev/pts/1
==589302==    at 0x49DAFEB: dup (syscall-template.S:120)
==589302==    by 0x10BD96: redir_heredoc (heredoc.c:81)
==589302==    by 0x10C7E7: exec_redir (redir.c:36)
==589302==    by 0x10C38D: exec_pipe (pipe.c:162)
==589302==    by 0x10AF30: exec_cmd_inter_exter (cmd_exec.c:68)
==589302==    by 0x109743: main (main.c:55)
==589302== 
==589302== Open file descriptor 103: /usr/share/code/v8_context_snapshot.bin
==589302==    <inherited from parent>
==589302== 
==589302== Open AF_UNIX socket 43: <unknown>
==589302==    <inherited from parent>
==589302== 
==589302== Open file descriptor 42: /home/nadahman/.config/Code/logs/20250317T102023/ptyhost.log
==589302==    <inherited from parent>
==589302== 
==589302== Open file descriptor 3: /home/nadahman/Desktop/minishell/leaks.log
==589302==    <inherited from parent>
==589302== 
==589302== 
==589302== HEAP SUMMARY:
==589302==     in use at exit: 214,577 bytes in 480 blocks
==589302==   total heap usage: 835 allocs, 355 frees, 237,859 bytes allocated
==589302== 
==589302== 3 bytes in 1 blocks are still reachable in loss record 2 of 87
==589302==    at 0x4848899: malloc (in /usr/libexec/valgrind/vgpreload_memcheck-amd64-linux.so)
==589302==    by 0x10CD9F: ft_strdup (in /home/nadahman/Desktop/minishell/minishell)
==589302==    by 0x10A52D: found_redirection (pars_utils.c:191)
==589302==    by 0x109DE3: parsing (parsing.c:146)
==589302==    by 0x109730: main (main.c:54)
==589302== 
==589302== 3 bytes in 1 blocks are indirectly lost in loss record 5 of 87
==589302==    at 0x4848899: malloc (in /usr/libexec/valgrind/vgpreload_memcheck-amd64-linux.so)
==589302==    by 0x10CD9F: ft_strdup (in /home/nadahman/Desktop/minishell/minishell)
==589302==    by 0x109FA5: new_token (pars_utils.c:23)
==589302==    by 0x109EAC: parsing (parsing.c:168)
==589302==    by 0x109730: main (main.c:54)
==589302== 
==589302== 4 bytes in 1 blocks are still reachable in loss record 6 of 87
==589302==    at 0x4848899: malloc (in /usr/libexec/valgrind/vgpreload_memcheck-amd64-linux.so)
==589302==    by 0x10D2D7: ft_substr (in /home/nadahman/Desktop/minishell/minishell)
==589302==    by 0x1099CB: recup_token (parsing.c:54)
==589302==    by 0x109E7C: parsing (parsing.c:162)
==589302==    by 0x109730: main (main.c:54)
==589302== 
==589302== 4 bytes in 1 blocks are still reachable in loss record 7 of 87
==589302==    at 0x4848899: malloc (in /usr/libexec/valgrind/vgpreload_memcheck-amd64-linux.so)
==589302==    by 0x10D2D7: ft_substr (in /home/nadahman/Desktop/minishell/minishell)
==589302==    by 0x1099CB: recup_token (parsing.c:54)
==589302==    by 0x10A633: found_redirection (pars_utils.c:202)
==589302==    by 0x109DE3: parsing (parsing.c:146)
==589302==    by 0x109730: main (main.c:54)
==589302== 
==589302== 6 bytes in 2 blocks are indirectly lost in loss record 8 of 87
==589302==    at 0x4848899: malloc (in /usr/libexec/valgrind/vgpreload_memcheck-amd64-linux.so)
==589302==    by 0x10CD9F: ft_strdup (in /home/nadahman/Desktop/minishell/minishell)
==589302==    by 0x10A52D: found_redirection (pars_utils.c:191)
==589302==    by 0x109DE3: parsing (parsing.c:146)
==589302==    by 0x109730: main (main.c:54)
==589302== 
==589302== 6 bytes in 2 blocks are indirectly lost in loss record 9 of 87
==589302==    at 0x4848899: malloc (in /usr/libexec/valgrind/vgpreload_memcheck-amd64-linux.so)
==589302==    by 0x10D2D7: ft_substr (in /home/nadahman/Desktop/minishell/minishell)
==589302==    by 0x1099CB: recup_token (parsing.c:54)
==589302==    by 0x10A633: found_redirection (pars_utils.c:202)
==589302==    by 0x109DE3: parsing (parsing.c:146)
==589302==    by 0x109730: main (main.c:54)
==589302== 
==589302== 11 bytes in 3 blocks are definitely lost in loss record 13 of 87
==589302==    at 0x4848899: malloc (in /usr/libexec/valgrind/vgpreload_memcheck-amd64-linux.so)
==589302==    by 0x10D2D7: ft_substr (in /home/nadahman/Desktop/minishell/minishell)
==589302==    by 0x1099CB: recup_token (parsing.c:54)
==589302==    by 0x109E7C: parsing (parsing.c:162)
==589302==    by 0x109730: main (main.c:54)
==589302== 
==589302== 13 bytes in 1 blocks are still reachable in loss record 16 of 87
==589302==    at 0x4848899: malloc (in /usr/libexec/valgrind/vgpreload_memcheck-amd64-linux.so)
==589302==    by 0x10CF90: ft_strjoin (in /home/nadahman/Desktop/minishell/minishell)
==589302==    by 0x10BF98: found_path (pipe.c:33)
==589302==    by 0x10C1BC: exec_pipe (pipe.c:107)
==589302==    by 0x10AF30: exec_cmd_inter_exter (cmd_exec.c:68)
==589302==    by 0x109743: main (main.c:55)
==589302== 
==589302== 13 bytes in 1 blocks are still reachable in loss record 17 of 87
==589302==    at 0x4848899: malloc (in /usr/libexec/valgrind/vgpreload_memcheck-amd64-linux.so)
==589302==    by 0x10CF90: ft_strjoin (in /home/nadahman/Desktop/minishell/minishell)
==589302==    by 0x10BF98: found_path (pipe.c:33)
==589302==    by 0x10C04C: exec_process (pipe.c:54)
==589302==    by 0x10C3EF: exec_pipe (pipe.c:174)
==589302==    by 0x10AF30: exec_cmd_inter_exter (cmd_exec.c:68)
==589302==    by 0x109743: main (main.c:55)
==589302== 
==589302== 19 (16 direct, 3 indirect) bytes in 1 blocks are definitely lost in loss record 22 of 87
==589302==    at 0x4848899: malloc (in /usr/libexec/valgrind/vgpreload_memcheck-amd64-linux.so)
==589302==    by 0x109F87: new_token (pars_utils.c:20)
==589302==    by 0x109EAC: parsing (parsing.c:168)
==589302==    by 0x109730: main (main.c:54)
==589302== 
==589302== 26 bytes in 2 blocks are definitely lost in loss record 28 of 87
==589302==    at 0x4848899: malloc (in /usr/libexec/valgrind/vgpreload_memcheck-amd64-linux.so)
==589302==    by 0x10CF90: ft_strjoin (in /home/nadahman/Desktop/minishell/minishell)
==589302==    by 0x10BF98: found_path (pipe.c:33)
==589302==    by 0x10C1BC: exec_pipe (pipe.c:107)
==589302==    by 0x10AF30: exec_cmd_inter_exter (cmd_exec.c:68)
==589302==    by 0x109743: main (main.c:55)
==589302== 
==589302== 32 bytes in 1 blocks are still reachable in loss record 30 of 87
==589302==    at 0x4848899: malloc (in /usr/libexec/valgrind/vgpreload_memcheck-amd64-linux.so)
==589302==    by 0x10A4AD: found_redirection (pars_utils.c:178)
==589302==    by 0x109DE3: parsing (parsing.c:146)
==589302==    by 0x109730: main (main.c:54)
==589302== 
==589302== 56 bytes in 1 blocks are still reachable in loss record 35 of 87
==589302==    at 0x4848899: malloc (in /usr/libexec/valgrind/vgpreload_memcheck-amd64-linux.so)
==589302==    by 0x109611: main (main.c:28)
==589302== 
==589302== 76 (64 direct, 12 indirect) bytes in 2 blocks are definitely lost in loss record 36 of 87
==589302==    at 0x4848899: malloc (in /usr/libexec/valgrind/vgpreload_memcheck-amd64-linux.so)
==589302==    by 0x10A4AD: found_redirection (pars_utils.c:178)
==589302==    by 0x109DE3: parsing (parsing.c:146)
==589302==    by 0x109730: main (main.c:54)
==589302== 
==589302== 1,046 bytes in 76 blocks are still reachable in loss record 56 of 87
==589302==    at 0x4848899: malloc (in /usr/libexec/valgrind/vgpreload_memcheck-amd64-linux.so)
==589302==    by 0x496E5CE: strndup (strndup.c:43)
==589302==    by 0x10B6B8: init_env (init.c:38)
==589302==    by 0x109603: main (main.c:27)
==589302== 
==589302== 1,824 bytes in 76 blocks are still reachable in loss record 59 of 87
==589302==    at 0x4848899: malloc (in /usr/libexec/valgrind/vgpreload_memcheck-amd64-linux.so)
==589302==    by 0x10B654: init_env (init.c:32)
==589302==    by 0x109603: main (main.c:27)
==589302== 
==589302== 3,145 bytes in 76 blocks are still reachable in loss record 62 of 87
==589302==    at 0x4848899: malloc (in /usr/libexec/valgrind/vgpreload_memcheck-amd64-linux.so)
==589302==    by 0x496E58E: strdup (strdup.c:42)
==589302==    by 0x10B6D2: init_env (init.c:39)
==589302==    by 0x109603: main (main.c:27)
==589302== 
==589302== LEAK SUMMARY:
==589302==    definitely lost: 117 bytes in 8 blocks
==589302==    indirectly lost: 15 bytes in 5 blocks
==589302==      possibly lost: 0 bytes in 0 blocks
==589302==    still reachable: 6,140 bytes in 235 blocks
==589302==         suppressed: 208,305 bytes in 232 blocks
==589302== 
==589302== For lists of detected and suppressed errors, rerun with: -s
==589302== ERROR SUMMARY: 4 errors from 4 contexts (suppressed: 0 from 0)
==588778== 
==588778== FILE DESCRIPTORS: 7 open (3 std) at exit.
==588778== Open file descriptor 103: /usr/share/code/v8_context_snapshot.bin
==588778==    <inherited from parent>
==588778== 
==588778== Open AF_UNIX socket 43: <unknown>
==588778==    <inherited from parent>
==588778== 
==588778== Open file descriptor 42: /home/nadahman/.config/Code/logs/20250317T102023/ptyhost.log
==588778==    <inherited from parent>
==588778== 
==588778== Open file descriptor 3: /home/nadahman/Desktop/minishell/leaks.log
==588778==    <inherited from parent>
==588778== 
==588778== 
==588778== HEAP SUMMARY:
==588778==     in use at exit: 208,546 bytes in 249 blocks
==588778==   total heap usage: 806 allocs, 557 frees, 237,487 bytes allocated
==588778== 
==588778== 3 bytes in 1 blocks are indirectly lost in loss record 2 of 76
==588778==    at 0x4848899: malloc (in /usr/libexec/valgrind/vgpreload_memcheck-amd64-linux.so)
==588778==    by 0x10CD9F: ft_strdup (in /home/nadahman/Desktop/minishell/minishell)
==588778==    by 0x109FA5: new_token (pars_utils.c:23)
==588778==    by 0x109EAC: parsing (parsing.c:168)
==588778==    by 0x109730: main (main.c:54)
==588778== 
==588778== 9 bytes in 3 blocks are indirectly lost in loss record 5 of 76
==588778==    at 0x4848899: malloc (in /usr/libexec/valgrind/vgpreload_memcheck-amd64-linux.so)
==588778==    by 0x10CD9F: ft_strdup (in /home/nadahman/Desktop/minishell/minishell)
==588778==    by 0x10A52D: found_redirection (pars_utils.c:191)
==588778==    by 0x109DE3: parsing (parsing.c:146)
==588778==    by 0x109730: main (main.c:54)
==588778== 
==588778== 10 bytes in 3 blocks are indirectly lost in loss record 6 of 76
==588778==    at 0x4848899: malloc (in /usr/libexec/valgrind/vgpreload_memcheck-amd64-linux.so)
==588778==    by 0x10D2D7: ft_substr (in /home/nadahman/Desktop/minishell/minishell)
==588778==    by 0x1099CB: recup_token (parsing.c:54)
==588778==    by 0x10A633: found_redirection (pars_utils.c:202)
==588778==    by 0x109DE3: parsing (parsing.c:146)
==588778==    by 0x109730: main (main.c:54)
==588778== 
==588778== 15 bytes in 4 blocks are definitely lost in loss record 12 of 76
==588778==    at 0x4848899: malloc (in /usr/libexec/valgrind/vgpreload_memcheck-amd64-linux.so)
==588778==    by 0x10D2D7: ft_substr (in /home/nadahman/Desktop/minishell/minishell)
==588778==    by 0x1099CB: recup_token (parsing.c:54)
==588778==    by 0x109E7C: parsing (parsing.c:162)
==588778==    by 0x109730: main (main.c:54)
==588778== 
==588778== 19 (16 direct, 3 indirect) bytes in 1 blocks are definitely lost in loss record 14 of 76
==588778==    at 0x4848899: malloc (in /usr/libexec/valgrind/vgpreload_memcheck-amd64-linux.so)
==588778==    by 0x109F87: new_token (pars_utils.c:20)
==588778==    by 0x109EAC: parsing (parsing.c:168)
==588778==    by 0x109730: main (main.c:54)
==588778== 
==588778== 39 bytes in 3 blocks are definitely lost in loss record 23 of 76
==588778==    at 0x4848899: malloc (in /usr/libexec/valgrind/vgpreload_memcheck-amd64-linux.so)
==588778==    by 0x10CF90: ft_strjoin (in /home/nadahman/Desktop/minishell/minishell)
==588778==    by 0x10BF98: found_path (pipe.c:33)
==588778==    by 0x10C1BC: exec_pipe (pipe.c:107)
==588778==    by 0x10AF30: exec_cmd_inter_exter (cmd_exec.c:68)
==588778==    by 0x109743: main (main.c:55)
==588778== 
==588778== 115 (96 direct, 19 indirect) bytes in 3 blocks are definitely lost in loss record 32 of 76
==588778==    at 0x4848899: malloc (in /usr/libexec/valgrind/vgpreload_memcheck-amd64-linux.so)
==588778==    by 0x10A4AD: found_redirection (pars_utils.c:178)
==588778==    by 0x109DE3: parsing (parsing.c:146)
==588778==    by 0x109730: main (main.c:54)
==588778== 
==588778== LEAK SUMMARY:
==588778==    definitely lost: 166 bytes in 11 blocks
==588778==    indirectly lost: 22 bytes in 7 blocks
==588778==      possibly lost: 0 bytes in 0 blocks
==588778==    still reachable: 0 bytes in 0 blocks
==588778==         suppressed: 208,358 bytes in 231 blocks
==588778== 
==588778== For lists of detected and suppressed errors, rerun with: -s
==588778== ERROR SUMMARY: 4 errors from 4 contexts (suppressed: 0 from 0)
